<?xml version="1.0" encoding="UTF-8"?>
<testsuite name="com.paquery.packages.PackagesApplicationTests" tests="1" skipped="1" failures="0" errors="0" timestamp="2019-09-02T03:02:16" hostname="MacBook-Pro-de-Daniel.local" time="0.0">
  <properties/>
  <testcase name="contextLoads" classname="com.paquery.packages.PackagesApplicationTests" time="0.0">
    <skipped/>
  </testcase>
  <system-out><![CDATA[]]></system-out>
  <system-err><![CDATA[]]></system-err>
</testsuite>
