<?xml version="1.0" encoding="UTF-8"?>
<testsuite name="com.paquery.packages.utils.UserTest" tests="1" skipped="0" failures="0" errors="0" timestamp="2019-09-02T03:02:16" hostname="MacBook-Pro-de-Daniel.local" time="0.007">
  <properties/>
  <testcase name="splitName" classname="com.paquery.packages.utils.UserTest" time="0.007"/>
  <system-out><![CDATA[]]></system-out>
  <system-err><![CDATA[]]></system-err>
</testsuite>
